2021-07-26 16:11:39,313 : ERROR : app_logger : file not found, path:data/store.csv
2021-07-26 16:11:39,313 : ERROR : app_logger : file not found, path:data/store.csv
2021-07-26 16:11:47,772 : INFO : app_logger : file read as csv from ../data/store.csv
2021-07-26 16:11:47,772 : INFO : app_logger : file read as csv from ../data/store.csv
2021-07-26 16:12:29,315 : INFO : app_logger : file read as csv from ../data/data.csv
2021-07-26 16:12:29,315 : INFO : app_logger : file read as csv from ../data/data.csv
2021-07-26 16:13:30,025 : INFO : app_logger : file read as csv from ../data/store.csv
2021-07-26 16:13:30,025 : INFO : app_logger : file read as csv from ../data/store.csv
2021-07-26 16:14:47,426 : INFO : app_logger : file read as csv from ../data/store.csv
2021-07-26 16:14:47,426 : INFO : app_logger : file read as csv from ../data/store.csv
2021-07-26 16:14:48,083 : INFO : app_logger : file read as csv from ../data/train.csv
2021-07-26 16:14:48,083 : INFO : app_logger : file read as csv from ../data/train.csv
2021-07-26 18:42:00,532 : INFO : app_logger : file read as csv from ../data/train.csv
2021-07-26 18:42:00,532 : INFO : app_logger : file read as csv from ../data/train.csv
2021-07-26 18:42:00,532 : INFO : app_logger : file read as csv from ../data/train.csv
2021-07-26 18:42:00,532 : INFO : app_logger : file read as csv from ../data/train.csv
2021-07-26 18:42:00,532 : INFO : app_logger : file read as csv from ../data/train.csv
2021-07-26 18:42:00,532 : INFO : app_logger : file read as csv from ../data/train.csv
2021-07-26 18:42:00,532 : INFO : app_logger : file read as csv from ../data/train.csv
2021-07-26 18:42:00,532 : INFO : app_logger : file read as csv from ../data/train.csv
2021-07-26 18:42:00,532 : INFO : app_logger : file read as csv from ../data/train.csv
2021-07-26 18:42:00,532 : INFO : app_logger : file read as csv from ../data/train.csv
2021-07-26 18:42:00,532 : INFO : app_logger : file read as csv from ../data/train.csv
2021-07-26 18:42:00,532 : INFO : app_logger : file read as csv from ../data/train.csv
2021-07-26 18:42:00,532 : INFO : app_logger : file read as csv from ../data/train.csv
2021-07-26 18:42:00,548 : INFO : app_logger : file read as csv from ../data/store.csv
2021-07-26 18:42:00,548 : INFO : app_logger : file read as csv from ../data/store.csv
2021-07-26 18:42:00,548 : INFO : app_logger : file read as csv from ../data/store.csv
2021-07-26 18:42:00,548 : INFO : app_logger : file read as csv from ../data/store.csv
2021-07-26 18:42:00,548 : INFO : app_logger : file read as csv from ../data/store.csv
2021-07-26 18:42:00,548 : INFO : app_logger : file read as csv from ../data/store.csv
2021-07-26 18:42:00,548 : INFO : app_logger : file read as csv from ../data/store.csv
2021-07-26 18:42:00,548 : INFO : app_logger : file read as csv from ../data/store.csv
2021-07-26 18:42:00,548 : INFO : app_logger : file read as csv from ../data/store.csv
2021-07-26 18:42:00,548 : INFO : app_logger : file read as csv from ../data/store.csv
2021-07-26 18:42:00,548 : INFO : app_logger : file read as csv from ../data/store.csv
2021-07-26 18:42:00,548 : INFO : app_logger : file read as csv from ../data/store.csv
2021-07-26 18:42:00,548 : INFO : app_logger : file read as csv from ../data/store.csv
2021-07-26 18:42:27,486 : INFO : app_logger : file read as csv from ../data/train.csv
2021-07-26 18:42:27,486 : INFO : app_logger : file read as csv from ../data/train.csv
2021-07-26 18:42:27,486 : INFO : app_logger : file read as csv from ../data/train.csv
2021-07-26 18:42:27,486 : INFO : app_logger : file read as csv from ../data/train.csv
2021-07-26 18:42:27,486 : INFO : app_logger : file read as csv from ../data/train.csv
2021-07-26 18:42:27,486 : INFO : app_logger : file read as csv from ../data/train.csv
2021-07-26 18:42:27,486 : INFO : app_logger : file read as csv from ../data/train.csv
2021-07-26 18:42:27,486 : INFO : app_logger : file read as csv from ../data/train.csv
2021-07-26 18:42:27,486 : INFO : app_logger : file read as csv from ../data/train.csv
2021-07-26 18:42:27,486 : INFO : app_logger : file read as csv from ../data/train.csv
2021-07-26 18:42:27,486 : INFO : app_logger : file read as csv from ../data/train.csv
2021-07-26 18:42:27,486 : INFO : app_logger : file read as csv from ../data/train.csv
2021-07-26 18:42:27,486 : INFO : app_logger : file read as csv from ../data/train.csv
2021-07-26 18:42:27,486 : INFO : app_logger : file read as csv from ../data/train.csv
2021-07-26 18:42:27,486 : INFO : app_logger : file read as csv from ../data/train.csv
2021-07-26 18:42:27,486 : INFO : app_logger : file read as csv from ../data/train.csv
2021-07-26 18:42:27,497 : INFO : app_logger : file read as csv from ../data/store.csv
2021-07-26 18:42:27,497 : INFO : app_logger : file read as csv from ../data/store.csv
2021-07-26 18:42:27,497 : INFO : app_logger : file read as csv from ../data/store.csv
2021-07-26 18:42:27,497 : INFO : app_logger : file read as csv from ../data/store.csv
2021-07-26 18:42:27,497 : INFO : app_logger : file read as csv from ../data/store.csv
2021-07-26 18:42:27,497 : INFO : app_logger : file read as csv from ../data/store.csv
2021-07-26 18:42:27,497 : INFO : app_logger : file read as csv from ../data/store.csv
2021-07-26 18:42:27,497 : INFO : app_logger : file read as csv from ../data/store.csv
2021-07-26 18:42:27,497 : INFO : app_logger : file read as csv from ../data/store.csv
2021-07-26 18:42:27,497 : INFO : app_logger : file read as csv from ../data/store.csv
2021-07-26 18:42:27,497 : INFO : app_logger : file read as csv from ../data/store.csv
2021-07-26 18:42:27,497 : INFO : app_logger : file read as csv from ../data/store.csv
2021-07-26 18:42:27,497 : INFO : app_logger : file read as csv from ../data/store.csv
2021-07-26 18:42:27,497 : INFO : app_logger : file read as csv from ../data/store.csv
2021-07-26 18:42:27,497 : INFO : app_logger : file read as csv from ../data/store.csv
2021-07-26 18:42:27,497 : INFO : app_logger : file read as csv from ../data/store.csv
2021-07-26 19:20:43,030 : INFO : app_logger : file read as csv from ../data/train.csv
2021-07-26 19:20:43,030 : INFO : app_logger : file read as csv from ../data/train.csv
2021-07-26 19:20:43,030 : INFO : app_logger : file read as csv from ../data/train.csv
2021-07-26 19:20:43,030 : INFO : app_logger : file read as csv from ../data/train.csv
2021-07-26 19:20:43,030 : INFO : app_logger : file read as csv from ../data/train.csv
2021-07-26 19:20:43,030 : INFO : app_logger : file read as csv from ../data/train.csv
2021-07-26 19:20:43,030 : INFO : app_logger : file read as csv from ../data/train.csv
2021-07-26 19:20:43,030 : INFO : app_logger : file read as csv from ../data/train.csv
2021-07-26 19:20:43,030 : INFO : app_logger : file read as csv from ../data/train.csv
2021-07-26 19:20:43,030 : INFO : app_logger : file read as csv from ../data/train.csv
2021-07-26 19:20:43,030 : INFO : app_logger : file read as csv from ../data/train.csv
2021-07-26 19:20:43,030 : INFO : app_logger : file read as csv from ../data/train.csv
2021-07-26 19:20:43,030 : INFO : app_logger : file read as csv from ../data/train.csv
2021-07-26 19:20:43,030 : INFO : app_logger : file read as csv from ../data/train.csv
2021-07-26 19:20:43,030 : INFO : app_logger : file read as csv from ../data/train.csv
2021-07-26 19:20:43,030 : INFO : app_logger : file read as csv from ../data/train.csv
2021-07-26 19:20:43,030 : INFO : app_logger : file read as csv from ../data/train.csv
2021-07-26 19:20:43,030 : INFO : app_logger : file read as csv from ../data/train.csv
2021-07-26 19:20:43,040 : INFO : app_logger : file read as csv from ../data/store.csv
2021-07-26 19:20:43,040 : INFO : app_logger : file read as csv from ../data/store.csv
2021-07-26 19:20:43,040 : INFO : app_logger : file read as csv from ../data/store.csv
2021-07-26 19:20:43,040 : INFO : app_logger : file read as csv from ../data/store.csv
2021-07-26 19:20:43,040 : INFO : app_logger : file read as csv from ../data/store.csv
2021-07-26 19:20:43,040 : INFO : app_logger : file read as csv from ../data/store.csv
2021-07-26 19:20:43,040 : INFO : app_logger : file read as csv from ../data/store.csv
2021-07-26 19:20:43,040 : INFO : app_logger : file read as csv from ../data/store.csv
2021-07-26 19:20:43,040 : INFO : app_logger : file read as csv from ../data/store.csv
2021-07-26 19:20:43,040 : INFO : app_logger : file read as csv from ../data/store.csv
2021-07-26 19:20:43,040 : INFO : app_logger : file read as csv from ../data/store.csv
2021-07-26 19:20:43,040 : INFO : app_logger : file read as csv from ../data/store.csv
2021-07-26 19:20:43,040 : INFO : app_logger : file read as csv from ../data/store.csv
2021-07-26 19:20:43,040 : INFO : app_logger : file read as csv from ../data/store.csv
2021-07-26 19:20:43,040 : INFO : app_logger : file read as csv from ../data/store.csv
2021-07-26 19:20:43,040 : INFO : app_logger : file read as csv from ../data/store.csv
2021-07-26 19:20:43,040 : INFO : app_logger : file read as csv from ../data/store.csv
2021-07-26 19:20:43,040 : INFO : app_logger : file read as csv from ../data/store.csv
2021-07-26 19:20:43,106 : INFO : app_logger : file read as csv from ../data/test.csv
2021-07-26 19:20:43,106 : INFO : app_logger : file read as csv from ../data/test.csv
2021-07-26 19:20:43,106 : INFO : app_logger : file read as csv from ../data/test.csv
2021-07-26 19:20:43,106 : INFO : app_logger : file read as csv from ../data/test.csv
2021-07-26 19:20:43,106 : INFO : app_logger : file read as csv from ../data/test.csv
2021-07-26 19:20:43,106 : INFO : app_logger : file read as csv from ../data/test.csv
2021-07-26 19:20:43,106 : INFO : app_logger : file read as csv from ../data/test.csv
2021-07-26 19:20:43,106 : INFO : app_logger : file read as csv from ../data/test.csv
2021-07-26 19:20:43,106 : INFO : app_logger : file read as csv from ../data/test.csv
2021-07-26 19:20:43,106 : INFO : app_logger : file read as csv from ../data/test.csv
2021-07-26 19:20:43,106 : INFO : app_logger : file read as csv from ../data/test.csv
2021-07-26 19:20:43,106 : INFO : app_logger : file read as csv from ../data/test.csv
2021-07-26 19:20:43,106 : INFO : app_logger : file read as csv from ../data/test.csv
2021-07-26 19:20:43,106 : INFO : app_logger : file read as csv from ../data/test.csv
2021-07-26 19:20:43,106 : INFO : app_logger : file read as csv from ../data/test.csv
2021-07-26 19:20:43,106 : INFO : app_logger : file read as csv from ../data/test.csv
2021-07-26 19:20:43,106 : INFO : app_logger : file read as csv from ../data/test.csv
2021-07-26 19:20:43,106 : INFO : app_logger : file read as csv from ../data/test.csv
2021-07-26 22:14:59,644 : INFO : app_logger : file read as csv from ../data/train.csv
2021-07-26 22:14:59,644 : INFO : app_logger : file read as csv from ../data/train.csv
2021-07-26 22:14:59,652 : INFO : app_logger : file read as csv from ../data/store.csv
2021-07-26 22:14:59,652 : INFO : app_logger : file read as csv from ../data/store.csv
2021-07-26 22:14:59,701 : INFO : app_logger : file read as csv from ../data/test.csv
2021-07-26 22:14:59,701 : INFO : app_logger : file read as csv from ../data/test.csv
2021-07-26 22:29:09,215 : INFO : app_logger : file read as csv from ../data/train.csv
2021-07-26 22:29:09,215 : INFO : app_logger : file read as csv from ../data/train.csv
2021-07-26 22:29:09,223 : INFO : app_logger : file read as csv from ../data/store.csv
2021-07-26 22:29:09,223 : INFO : app_logger : file read as csv from ../data/store.csv
2021-07-26 22:29:09,297 : INFO : app_logger : file read as csv from ../data/test.csv
2021-07-26 22:29:09,297 : INFO : app_logger : file read as csv from ../data/test.csv
2021-07-28 15:11:20,331 : INFO : app_logger : file read as csv from ../data/train.csv
2021-07-28 15:11:20,331 : INFO : app_logger : file read as csv from ../data/train.csv
2021-07-28 15:11:20,344 : INFO : app_logger : file read as csv from ../data/store.csv
2021-07-28 15:11:20,344 : INFO : app_logger : file read as csv from ../data/store.csv
2021-07-28 15:11:20,408 : INFO : app_logger : file read as csv from ../data/test.csv
2021-07-28 15:11:20,408 : INFO : app_logger : file read as csv from ../data/test.csv
2021-07-28 16:02:54,120 : INFO : app_logger : file read as csv from ../data/train.csv
2021-07-28 16:02:54,120 : INFO : app_logger : file read as csv from ../data/train.csv
2021-07-28 16:02:54,129 : INFO : app_logger : file read as csv from ../data/store.csv
2021-07-28 16:02:54,129 : INFO : app_logger : file read as csv from ../data/store.csv
2021-07-28 16:02:54,196 : INFO : app_logger : file read as csv from ../data/test.csv
2021-07-28 16:02:54,196 : INFO : app_logger : file read as csv from ../data/test.csv
2021-07-28 16:04:39,910 : INFO : app_logger : file read as csv from ../data/train.csv
2021-07-28 16:04:39,910 : INFO : app_logger : file read as csv from ../data/train.csv
2021-07-28 16:04:39,921 : INFO : app_logger : file read as csv from ../data/store.csv
2021-07-28 16:04:39,921 : INFO : app_logger : file read as csv from ../data/store.csv
2021-07-28 16:04:39,986 : INFO : app_logger : file read as csv from ../data/test.csv
2021-07-28 16:04:39,986 : INFO : app_logger : file read as csv from ../data/test.csv
2021-07-28 16:30:36,290 : INFO : app_logger : file read as csv from ../data/train.csv
2021-07-28 16:30:36,290 : INFO : app_logger : file read as csv from ../data/train.csv
2021-07-28 16:30:36,297 : INFO : app_logger : file read as csv from ../data/store.csv
2021-07-28 16:30:36,297 : INFO : app_logger : file read as csv from ../data/store.csv
2021-07-28 16:30:36,366 : INFO : app_logger : file read as csv from ../data/test.csv
2021-07-28 16:30:36,366 : INFO : app_logger : file read as csv from ../data/test.csv
2021-07-28 16:30:58,184 : INFO : app_logger : file read as csv from ../data/train.csv
2021-07-28 16:30:58,184 : INFO : app_logger : file read as csv from ../data/train.csv
2021-07-28 16:30:58,206 : INFO : app_logger : file read as csv from ../data/store.csv
2021-07-28 16:30:58,206 : INFO : app_logger : file read as csv from ../data/store.csv
2021-07-28 16:30:58,273 : INFO : app_logger : file read as csv from ../data/test.csv
2021-07-28 16:30:58,273 : INFO : app_logger : file read as csv from ../data/test.csv
2021-07-28 16:32:18,001 : INFO : app_logger : file read as csv from ../data/train.csv
2021-07-28 16:32:18,001 : INFO : app_logger : file read as csv from ../data/train.csv
2021-07-28 16:32:18,009 : INFO : app_logger : file read as csv from ../data/store.csv
2021-07-28 16:32:18,009 : INFO : app_logger : file read as csv from ../data/store.csv
2021-07-28 16:32:18,072 : INFO : app_logger : file read as csv from ../data/test.csv
2021-07-28 16:32:18,072 : INFO : app_logger : file read as csv from ../data/test.csv
